  P1.cpp
c:\users\az\desktop\graphic programming\practical 1\practical 1\p1.cpp(142): warning C4305: 'argument': truncation from 'double' to 'GLfloat'
c:\users\az\desktop\graphic programming\practical 1\practical 1\p1.cpp(178): warning C4305: 'argument': truncation from 'double' to 'GLfloat'
c:\users\az\desktop\graphic programming\practical 1\practical 1\p1.cpp(186): warning C4305: 'argument': truncation from 'double' to 'GLfloat'
c:\users\az\desktop\graphic programming\practical 1\practical 1\p1.cpp(188): warning C4305: 'argument': truncation from 'double' to 'GLfloat'
c:\users\az\desktop\graphic programming\practical 1\practical 1\p1.cpp(189): warning C4305: 'argument': truncation from 'double' to 'GLfloat'
c:\users\az\desktop\graphic programming\practical 1\practical 1\p1.cpp(191): warning C4305: 'argument': truncation from 'double' to 'GLfloat'
c:\users\az\desktop\graphic programming\practical 1\practical 1\p1.cpp(192): warning C4305: 'argument': truncation from 'double' to 'GLfloat'
c:\users\az\desktop\graphic programming\practical 1\practical 1\p1.cpp(193): warning C4305: 'argument': truncation from 'double' to 'GLfloat'
c:\users\az\desktop\graphic programming\practical 1\practical 1\p1.cpp(197): warning C4305: 'argument': truncation from 'double' to 'GLfloat'
c:\users\az\desktop\graphic programming\practical 1\practical 1\p1.cpp(199): warning C4305: 'argument': truncation from 'double' to 'GLfloat'
c:\users\az\desktop\graphic programming\practical 1\practical 1\p1.cpp(200): warning C4305: 'argument': truncation from 'double' to 'GLfloat'
c:\users\az\desktop\graphic programming\practical 1\practical 1\p1.cpp(202): warning C4305: 'argument': truncation from 'double' to 'GLfloat'
c:\users\az\desktop\graphic programming\practical 1\practical 1\p1.cpp(203): warning C4305: 'argument': truncation from 'double' to 'GLfloat'
c:\users\az\desktop\graphic programming\practical 1\practical 1\p1.cpp(204): warning C4305: 'argument': truncation from 'double' to 'GLfloat'
c:\users\az\desktop\graphic programming\practical 1\practical 1\p1.cpp(208): warning C4305: 'argument': truncation from 'double' to 'GLfloat'
c:\users\az\desktop\graphic programming\practical 1\practical 1\p1.cpp(210): warning C4305: 'argument': truncation from 'double' to 'GLfloat'
c:\users\az\desktop\graphic programming\practical 1\practical 1\p1.cpp(211): warning C4305: 'argument': truncation from 'double' to 'GLfloat'
c:\users\az\desktop\graphic programming\practical 1\practical 1\p1.cpp(213): warning C4305: 'argument': truncation from 'double' to 'GLfloat'
c:\users\az\desktop\graphic programming\practical 1\practical 1\p1.cpp(214): warning C4305: 'argument': truncation from 'double' to 'GLfloat'
c:\users\az\desktop\graphic programming\practical 1\practical 1\p1.cpp(215): warning C4305: 'argument': truncation from 'double' to 'GLfloat'
c:\users\az\desktop\graphic programming\practical 1\practical 1\p1.cpp(219): warning C4305: 'argument': truncation from 'double' to 'GLfloat'
c:\users\az\desktop\graphic programming\practical 1\practical 1\p1.cpp(221): warning C4305: 'argument': truncation from 'double' to 'GLfloat'
c:\users\az\desktop\graphic programming\practical 1\practical 1\p1.cpp(222): warning C4305: 'argument': truncation from 'double' to 'GLfloat'
c:\users\az\desktop\graphic programming\practical 1\practical 1\p1.cpp(224): warning C4305: 'argument': truncation from 'double' to 'GLfloat'
c:\users\az\desktop\graphic programming\practical 1\practical 1\p1.cpp(225): warning C4305: 'argument': truncation from 'double' to 'GLfloat'
c:\users\az\desktop\graphic programming\practical 1\practical 1\p1.cpp(226): warning C4305: 'argument': truncation from 'double' to 'GLfloat'
c:\users\az\desktop\graphic programming\practical 1\practical 1\p1.cpp(267): warning C4305: 'argument': truncation from 'double' to 'GLfloat'
c:\users\az\desktop\graphic programming\practical 1\practical 1\p1.cpp(268): warning C4305: 'argument': truncation from 'double' to 'GLfloat'
c:\users\az\desktop\graphic programming\practical 1\practical 1\p1.cpp(269): warning C4305: 'argument': truncation from 'double' to 'GLfloat'
c:\users\az\desktop\graphic programming\practical 1\practical 1\p1.cpp(274): warning C4305: 'argument': truncation from 'double' to 'GLfloat'
c:\users\az\desktop\graphic programming\practical 1\practical 1\p1.cpp(281): warning C4305: 'argument': truncation from 'double' to 'GLfloat'
c:\users\az\desktop\graphic programming\practical 1\practical 1\p1.cpp(288): warning C4305: 'argument': truncation from 'double' to 'GLfloat'
c:\users\az\desktop\graphic programming\practical 1\practical 1\p1.cpp(289): warning C4305: 'argument': truncation from 'double' to 'GLfloat'
c:\users\az\desktop\graphic programming\practical 1\practical 1\p1.cpp(290): warning C4305: 'argument': truncation from 'double' to 'GLfloat'
c:\users\az\desktop\graphic programming\practical 1\practical 1\p1.cpp(326): warning C4305: '+=': truncation from 'double' to 'float'
c:\users\az\desktop\graphic programming\practical 1\practical 1\p1.cpp(327): warning C4244: '=': conversion from 'double' to 'float', possible loss of data
c:\users\az\desktop\graphic programming\practical 1\practical 1\p1.cpp(328): warning C4244: '=': conversion from 'double' to 'float', possible loss of data
c:\users\az\desktop\graphic programming\practical 1\practical 1\p1.cpp(338): warning C4305: 'argument': truncation from 'double' to 'GLclampf'
c:\users\az\desktop\graphic programming\practical 1\practical 1\p1.cpp(342): warning C4305: 'argument': truncation from 'double' to 'GLfloat'
c:\users\az\desktop\graphic programming\practical 1\practical 1\p1.cpp(343): warning C4305: 'argument': truncation from 'double' to 'GLfloat'
c:\users\az\desktop\graphic programming\practical 1\practical 1\p1.cpp(344): warning C4305: 'argument': truncation from 'double' to 'GLfloat'
c:\users\az\desktop\graphic programming\practical 1\practical 1\p1.cpp(345): warning C4305: 'argument': truncation from 'double' to 'GLfloat'
c:\users\az\desktop\graphic programming\practical 1\practical 1\p1.cpp(349): warning C4305: 'argument': truncation from 'double' to 'GLfloat'
c:\users\az\desktop\graphic programming\practical 1\practical 1\p1.cpp(350): warning C4305: 'argument': truncation from 'double' to 'GLfloat'
c:\users\az\desktop\graphic programming\practical 1\practical 1\p1.cpp(351): warning C4305: 'argument': truncation from 'double' to 'GLfloat'
c:\users\az\desktop\graphic programming\practical 1\practical 1\p1.cpp(352): warning C4305: 'argument': truncation from 'double' to 'GLfloat'
c:\users\az\desktop\graphic programming\practical 1\practical 1\p1.cpp(357): warning C4305: 'argument': truncation from 'double' to 'GLfloat'
c:\users\az\desktop\graphic programming\practical 1\practical 1\p1.cpp(358): warning C4305: 'argument': truncation from 'double' to 'GLfloat'
c:\users\az\desktop\graphic programming\practical 1\practical 1\p1.cpp(359): warning C4305: 'argument': truncation from 'double' to 'GLfloat'
c:\users\az\desktop\graphic programming\practical 1\practical 1\p1.cpp(364): warning C4305: 'argument': truncation from 'double' to 'GLfloat'
c:\users\az\desktop\graphic programming\practical 1\practical 1\p1.cpp(365): warning C4305: 'argument': truncation from 'double' to 'GLfloat'
c:\users\az\desktop\graphic programming\practical 1\practical 1\p1.cpp(366): warning C4305: 'argument': truncation from 'double' to 'GLfloat'
c:\users\az\desktop\graphic programming\practical 1\practical 1\p1.cpp(370): warning C4305: 'argument': truncation from 'double' to 'GLfloat'
c:\users\az\desktop\graphic programming\practical 1\practical 1\p1.cpp(371): warning C4305: 'argument': truncation from 'double' to 'GLfloat'
c:\users\az\desktop\graphic programming\practical 1\practical 1\p1.cpp(372): warning C4305: 'argument': truncation from 'double' to 'GLfloat'
c:\users\az\desktop\graphic programming\practical 1\practical 1\p1.cpp(373): warning C4305: 'argument': truncation from 'double' to 'GLfloat'
c:\users\az\desktop\graphic programming\practical 1\practical 1\p1.cpp(377): warning C4305: 'argument': truncation from 'double' to 'GLfloat'
c:\users\az\desktop\graphic programming\practical 1\practical 1\p1.cpp(378): warning C4305: 'argument': truncation from 'double' to 'GLfloat'
c:\users\az\desktop\graphic programming\practical 1\practical 1\p1.cpp(379): warning C4305: 'argument': truncation from 'double' to 'GLfloat'
c:\users\az\desktop\graphic programming\practical 1\practical 1\p1.cpp(380): warning C4305: 'argument': truncation from 'double' to 'GLfloat'
c:\users\az\desktop\graphic programming\practical 1\practical 1\p1.cpp(385): warning C4305: 'argument': truncation from 'double' to 'GLfloat'
c:\users\az\desktop\graphic programming\practical 1\practical 1\p1.cpp(386): warning C4305: 'argument': truncation from 'double' to 'GLfloat'
c:\users\az\desktop\graphic programming\practical 1\practical 1\p1.cpp(387): warning C4305: 'argument': truncation from 'double' to 'GLfloat'
c:\users\az\desktop\graphic programming\practical 1\practical 1\p1.cpp(392): warning C4305: 'argument': truncation from 'double' to 'GLfloat'
c:\users\az\desktop\graphic programming\practical 1\practical 1\p1.cpp(393): warning C4305: 'argument': truncation from 'double' to 'GLfloat'
c:\users\az\desktop\graphic programming\practical 1\practical 1\p1.cpp(394): warning C4305: 'argument': truncation from 'double' to 'GLfloat'
c:\users\az\desktop\graphic programming\practical 1\practical 1\p1.cpp(397): warning C4305: 'argument': truncation from 'double' to 'GLfloat'
c:\users\az\desktop\graphic programming\practical 1\practical 1\p1.cpp(398): warning C4305: 'argument': truncation from 'double' to 'float'
c:\users\az\desktop\graphic programming\practical 1\practical 1\p1.cpp(401): warning C4305: 'argument': truncation from 'double' to 'GLfloat'
c:\users\az\desktop\graphic programming\practical 1\practical 1\p1.cpp(402): warning C4305: 'argument': truncation from 'double' to 'float'
c:\users\az\desktop\graphic programming\practical 1\practical 1\p1.cpp(405): warning C4305: 'argument': truncation from 'double' to 'GLfloat'
c:\users\az\desktop\graphic programming\practical 1\practical 1\p1.cpp(406): warning C4305: 'argument': truncation from 'double' to 'float'
c:\users\az\desktop\graphic programming\practical 1\practical 1\p1.cpp(409): warning C4305: 'argument': truncation from 'double' to 'float'
c:\users\az\desktop\graphic programming\practical 1\practical 1\p1.cpp(412): warning C4305: 'argument': truncation from 'double' to 'float'
c:\users\az\desktop\graphic programming\practical 1\practical 1\p1.cpp(415): warning C4305: 'argument': truncation from 'double' to 'float'
c:\users\az\desktop\graphic programming\practical 1\practical 1\p1.cpp(420): warning C4305: 'argument': truncation from 'double' to 'GLfloat'
c:\users\az\desktop\graphic programming\practical 1\practical 1\p1.cpp(421): warning C4305: 'argument': truncation from 'double' to 'GLfloat'
c:\users\az\desktop\graphic programming\practical 1\practical 1\p1.cpp(427): warning C4305: 'argument': truncation from 'double' to 'GLfloat'
c:\users\az\desktop\graphic programming\practical 1\practical 1\p1.cpp(428): warning C4305: 'argument': truncation from 'double' to 'GLfloat'
c:\users\az\desktop\graphic programming\practical 1\practical 1\p1.cpp(433): warning C4305: 'argument': truncation from 'double' to 'GLfloat'
c:\users\az\desktop\graphic programming\practical 1\practical 1\p1.cpp(434): warning C4305: 'argument': truncation from 'double' to 'GLfloat'
c:\users\az\desktop\graphic programming\practical 1\practical 1\p1.cpp(435): warning C4305: 'argument': truncation from 'double' to 'GLfloat'
c:\users\az\desktop\graphic programming\practical 1\practical 1\p1.cpp(436): warning C4305: 'argument': truncation from 'double' to 'GLfloat'
c:\users\az\desktop\graphic programming\practical 1\practical 1\p1.cpp(437): warning C4305: 'argument': truncation from 'double' to 'GLfloat'
c:\users\az\desktop\graphic programming\practical 1\practical 1\p1.cpp(438): warning C4305: 'argument': truncation from 'double' to 'GLfloat'
c:\users\az\desktop\graphic programming\practical 1\practical 1\p1.cpp(439): warning C4305: 'argument': truncation from 'double' to 'GLfloat'
c:\users\az\desktop\graphic programming\practical 1\practical 1\p1.cpp(440): warning C4305: 'argument': truncation from 'double' to 'GLfloat'
c:\users\az\desktop\graphic programming\practical 1\practical 1\p1.cpp(441): warning C4305: 'argument': truncation from 'double' to 'GLfloat'
c:\users\az\desktop\graphic programming\practical 1\practical 1\p1.cpp(442): warning C4305: 'argument': truncation from 'double' to 'GLfloat'
c:\users\az\desktop\graphic programming\practical 1\practical 1\p1.cpp(443): warning C4305: 'argument': truncation from 'double' to 'GLfloat'
c:\users\az\desktop\graphic programming\practical 1\practical 1\p1.cpp(444): warning C4305: 'argument': truncation from 'double' to 'GLfloat'
c:\users\az\desktop\graphic programming\practical 1\practical 1\p1.cpp(445): warning C4305: 'argument': truncation from 'double' to 'GLfloat'
c:\users\az\desktop\graphic programming\practical 1\practical 1\p1.cpp(446): warning C4305: 'argument': truncation from 'double' to 'GLfloat'
c:\users\az\desktop\graphic programming\practical 1\practical 1\p1.cpp(447): warning C4305: 'argument': truncation from 'double' to 'GLfloat'
c:\users\az\desktop\graphic programming\practical 1\practical 1\p1.cpp(448): warning C4305: 'argument': truncation from 'double' to 'GLfloat'
c:\users\az\desktop\graphic programming\practical 1\practical 1\p1.cpp(449): warning C4305: 'argument': truncation from 'double' to 'GLfloat'
c:\users\az\desktop\graphic programming\practical 1\practical 1\p1.cpp(450): warning C4305: 'argument': truncation from 'double' to 'GLfloat'
c:\users\az\desktop\graphic programming\practical 1\practical 1\p1.cpp(451): warning C4305: 'argument': truncation from 'double' to 'GLfloat'
c:\users\az\desktop\graphic programming\practical 1\practical 1\p1.cpp(452): warning C4305: 'argument': truncation from 'double' to 'GLfloat'
c:\users\az\desktop\graphic programming\practical 1\practical 1\p1.cpp(453): warning C4305: 'argument': truncation from 'double' to 'GLfloat'
c:\users\az\desktop\graphic programming\practical 1\practical 1\p1.cpp(454): warning C4305: 'argument': truncation from 'double' to 'GLfloat'
c:\users\az\desktop\graphic programming\practical 1\practical 1\p1.cpp(459): warning C4305: 'argument': truncation from 'double' to 'GLfloat'
c:\users\az\desktop\graphic programming\practical 1\practical 1\p1.cpp(460): warning C4305: 'argument': truncation from 'double' to 'GLfloat'
c:\users\az\desktop\graphic programming\practical 1\practical 1\p1.cpp(461): warning C4305: 'argument': truncation from 'double' to 'GLfloat'
c:\users\az\desktop\graphic programming\practical 1\practical 1\p1.cpp(462): warning C4305: 'argument': truncation from 'double' to 'GLfloat'
c:\users\az\desktop\graphic programming\practical 1\practical 1\p1.cpp(463): warning C4305: 'argument': truncation from 'double' to 'GLfloat'
c:\users\az\desktop\graphic programming\practical 1\practical 1\p1.cpp(464): warning C4305: 'argument': truncation from 'double' to 'GLfloat'
c:\users\az\desktop\graphic programming\practical 1\practical 1\p1.cpp(470): warning C4305: 'argument': truncation from 'double' to 'GLfloat'
c:\users\az\desktop\graphic programming\practical 1\practical 1\p1.cpp(471): warning C4305: 'argument': truncation from 'double' to 'GLfloat'
c:\users\az\desktop\graphic programming\practical 1\practical 1\p1.cpp(477): warning C4305: 'argument': truncation from 'double' to 'GLfloat'
c:\users\az\desktop\graphic programming\practical 1\practical 1\p1.cpp(478): warning C4305: 'argument': truncation from 'double' to 'GLfloat'
c:\users\az\desktop\graphic programming\practical 1\practical 1\p1.cpp(479): warning C4305: 'argument': truncation from 'double' to 'GLfloat'
c:\users\az\desktop\graphic programming\practical 1\practical 1\p1.cpp(482): warning C4305: 'argument': truncation from 'double' to 'GLfloat'
c:\users\az\desktop\graphic programming\practical 1\practical 1\p1.cpp(483): warning C4305: 'argument': truncation from 'double' to 'float'
c:\users\az\desktop\graphic programming\practical 1\practical 1\p1.cpp(486): warning C4305: 'argument': truncation from 'double' to 'GLfloat'
c:\users\az\desktop\graphic programming\practical 1\practical 1\p1.cpp(487): warning C4305: 'argument': truncation from 'double' to 'float'
c:\users\az\desktop\graphic programming\practical 1\practical 1\p1.cpp(490): warning C4305: 'argument': truncation from 'double' to 'GLfloat'
c:\users\az\desktop\graphic programming\practical 1\practical 1\p1.cpp(491): warning C4305: 'argument': truncation from 'double' to 'float'
c:\users\az\desktop\graphic programming\practical 1\practical 1\p1.cpp(494): warning C4305: 'argument': truncation from 'double' to 'GLfloat'
c:\users\az\desktop\graphic programming\practical 1\practical 1\p1.cpp(495): warning C4305: 'argument': truncation from 'double' to 'float'
c:\users\az\desktop\graphic programming\practical 1\practical 1\p1.cpp(499): warning C4305: 'argument': truncation from 'double' to 'GLfloat'
c:\users\az\desktop\graphic programming\practical 1\practical 1\p1.cpp(500): warning C4305: 'argument': truncation from 'double' to 'float'
c:\users\az\desktop\graphic programming\practical 1\practical 1\p1.cpp(503): warning C4305: 'argument': truncation from 'double' to 'GLfloat'
c:\users\az\desktop\graphic programming\practical 1\practical 1\p1.cpp(504): warning C4305: 'argument': truncation from 'double' to 'float'
c:\users\az\desktop\graphic programming\practical 1\practical 1\p1.cpp(507): warning C4305: 'argument': truncation from 'double' to 'GLfloat'
c:\users\az\desktop\graphic programming\practical 1\practical 1\p1.cpp(508): warning C4305: 'argument': truncation from 'double' to 'float'
c:\users\az\desktop\graphic programming\practical 1\practical 1\p1.cpp(511): warning C4305: 'argument': truncation from 'double' to 'GLfloat'
c:\users\az\desktop\graphic programming\practical 1\practical 1\p1.cpp(512): warning C4305: 'argument': truncation from 'double' to 'float'
  Practical 1.vcxproj -> C:\Users\AZ\Desktop\Graphic Programming\Practical 1\Debug\Practical 1.exe
